Determining if the pthread_create exist failed with the following output:
Change Dir: /home/vic/Workspace/bug/RoboRTS/cmake-build-debug/CMakeFiles/CMakeTmp

Run Build Command:"/usr/bin/make" "cmTC_313b0/fast"
/usr/bin/make -f CMakeFiles/cmTC_313b0.dir/build.make CMakeFiles/cmTC_313b0.dir/build
make[1]: Entering directory '/home/vic/Workspace/bug/RoboRTS/cmake-build-debug/CMakeFiles/CMakeTmp'
Building C object CMakeFiles/cmTC_313b0.dir/CheckSymbolExists.c.o
/usr/bin/cc    -o CMakeFiles/cmTC_313b0.dir/CheckSymbolExists.c.o   -c /home/vic/Workspace/bug/RoboRTS/cmake-build-debug/CMakeFiles/CMakeTmp/CheckSymbolExists.c
Linking C executable cmTC_313b0
/home/vic/3dparty/clion-2017.2.3/bin/cmake/bin/cmake -E cmake_link_script CMakeFiles/cmTC_313b0.dir/link.txt --verbose=1
/usr/bin/cc      -rdynamic CMakeFiles/cmTC_313b0.dir/CheckSymbolExists.c.o  -o cmTC_313b0 
CMakeFiles/cmTC_313b0.dir/CheckSymbolExists.c.o: In function `main':
CheckSymbolExists.c:(.text+0x16): undefined reference to `pthread_create'
collect2: error: ld returned 1 exit status
CMakeFiles/cmTC_313b0.dir/build.make:97: recipe for target 'cmTC_313b0' failed
make[1]: *** [cmTC_313b0] Error 1
make[1]: Leaving directory '/home/vic/Workspace/bug/RoboRTS/cmake-build-debug/CMakeFiles/CMakeTmp'
Makefile:126: recipe for target 'cmTC_313b0/fast' failed
make: *** [cmTC_313b0/fast] Error 2

File /home/vic/Workspace/bug/RoboRTS/cmake-build-debug/CMakeFiles/CMakeTmp/CheckSymbolExists.c:
/* */
#include <pthread.h>

int main(int argc, char** argv)
{
  (void)argv;
#ifndef pthread_create
  return ((int*)(&pthread_create))[argc];
#else
  (void)argc;
  return 0;
#endif
}

Determining if the function pthread_create exists in the pthreads failed with the following output:
Change Dir: /home/vic/Workspace/bug/RoboRTS/cmake-build-debug/CMakeFiles/CMakeTmp

Run Build Command:"/usr/bin/make" "cmTC_98f4e/fast"
/usr/bin/make -f CMakeFiles/cmTC_98f4e.dir/build.make CMakeFiles/cmTC_98f4e.dir/build
make[1]: Entering directory '/home/vic/Workspace/bug/RoboRTS/cmake-build-debug/CMakeFiles/CMakeTmp'
Building C object CMakeFiles/cmTC_98f4e.dir/CheckFunctionExists.c.o
/usr/bin/cc   -DCHECK_FUNCTION_EXISTS=pthread_create   -o CMakeFiles/cmTC_98f4e.dir/CheckFunctionExists.c.o   -c /home/vic/3dparty/clion-2017.2.3/bin/cmake/share/cmake-3.8/Modules/CheckFunctionExists.c
Linking C executable cmTC_98f4e
/home/vic/3dparty/clion-2017.2.3/bin/cmake/bin/cmake -E cmake_link_script CMakeFiles/cmTC_98f4e.dir/link.txt --verbose=1
/usr/bin/cc  -DCHECK_FUNCTION_EXISTS=pthread_create    -rdynamic CMakeFiles/cmTC_98f4e.dir/CheckFunctionExists.c.o  -o cmTC_98f4e -lpthreads 
/usr/bin/ld: cannot find -lpthreads
collect2: error: ld returned 1 exit status
CMakeFiles/cmTC_98f4e.dir/build.make:97: recipe for target 'cmTC_98f4e' failed
make[1]: *** [cmTC_98f4e] Error 1
make[1]: Leaving directory '/home/vic/Workspace/bug/RoboRTS/cmake-build-debug/CMakeFiles/CMakeTmp'
Makefile:126: recipe for target 'cmTC_98f4e/fast' failed
make: *** [cmTC_98f4e/fast] Error 2


